<?xml version="1.0" encoding="UTF-8"?>
<!-- Generated by org.testng.reporters.JUnitXMLReporter -->
<testsuite hostname="DESKTOP-R408AKF" ignored="0" name="Default test" tests="4" failures="0" timestamp="18 Aug 2020 10:44:03 GMT" time="78.57" errors="0">
  <testcase name="Olayengb" time="12.059" classname="com.testcases.Olay"/>
  <testcase name="SignInEnglish" time="17.085" classname="com.testcases.Olay"/>
  <testcase name="SignInGerman" time="17.267" classname="com.testcases.Olay"/>
  <testcase name="SignInSpain" time="13.388" classname="com.testcases.Olay"/>
</testsuite> <!-- Default test -->
